This is LuaHBTeX, Version 1.15.0 (TeX Live 2022)  (format=lualatex 2023.1.22)  27 JAN 2023 00:35
 restricted system commands enabled.
**main.tex
(./main.tex
LaTeX2e <2022-11-01> patch level 1
Lua module: luaotfload 2022-10-03 3.23 Lua based OpenType font support
Lua module: lualibs 2022-10-04 2.75 ConTeXt Lua standard libraries.
Lua module: lualibs-extended 2022-10-04 2.75 ConTeXt Lua libraries -- extended c
ollection.
luaotfload | conf : Root cache directory is "/usr/local/texlive/2022/texmf-var/l
uatex-cache/generic/names".
luaotfload | init : Loading fontloader "fontloader-2022-10-03.lua" from kpse-res
olved path "/usr/local/texlive/2022/texmf-dist/tex/luatex/luaotfload/fontloader-
2022-10-03.lua".
Lua-only attribute luaotfload@noligature = 1
luaotfload | init : Context OpenType loader version 3.120
Inserting `luaotfload.node_processor' in `pre_linebreak_filter'.
Inserting `luaotfload.node_processor' in `hpack_filter'.
Inserting `luaotfload.glyph_stream' in `glyph_stream_provider'.
Inserting `luaotfload.define_font' in `define_font'.
Lua-only attribute luaotfload_color_attribute = 2
luaotfload | conf : Root cache directory is "/usr/local/texlive/2022/texmf-var/l
uatex-cache/generic/names".
Inserting `luaotfload.harf.strip_prefix' in `find_opentype_file'.
Inserting `luaotfload.harf.strip_prefix' in `find_truetype_file'.
Removing  `luaotfload.glyph_stream' from `glyph_stream_provider'.
Inserting `luaotfload.harf.glyphstream' in `glyph_stream_provider'.
Inserting `luaotfload.harf.finalize_vlist' in `post_linebreak_filter'.
Inserting `luaotfload.harf.finalize_hlist' in `hpack_filter'.
Inserting `luaotfload.cleanup_files' in `wrapup_run'.
Inserting `luaotfload.harf.finalize_unicode' in `finish_pdffile'.
Inserting `luaotfload.glyphinfo' in `glyph_info'.
Lua-only attribute luaotfload.letterspace_done = 3
Inserting `luaotfload.aux.set_sscale_dimens' in `luaotfload.patch_font'.
Inserting `luaotfload.aux.set_font_index' in `luaotfload.patch_font'.
Inserting `luaotfload.aux.patch_cambria_domh' in `luaotfload.patch_font'.
Inserting `luaotfload.aux.fixup_fontdata' in `luaotfload.patch_font_unsafe'.
Inserting `luaotfload.aux.set_capheight' in `luaotfload.patch_font'.
Inserting `luaotfload.aux.set_xheight' in `luaotfload.patch_font'.
Inserting `luaotfload.rewrite_fontname' in `luaotfload.patch_font'. L3 programm
ing layer <2023-01-16>
Inserting `tracingstacklevels' in `input_level_string'. (./wlpeerjlua.cls
Document Class: wlpeerjlua 18/08/2016, v1.2
(/usr/local/texlive/2022/texmf-dist/tex/latex/base/inputenc.sty
Package: inputenc 2021/02/14 v1.3d Input encoding file
\inpenc@prehook=\toks16
\inpenc@posthook=\toks17


Package inputenc Warning: inputenc package ignored with utf8 based engines.

) (/usr/local/texlive/2022/texmf-dist/tex/generic/babel/babel.sty
Package: babel 2022/12/26 3.84 The Babel package

(/usr/local/texlive/2022/texmf-dist/tex/generic/babel/luababel.def
\bbl@readstream=\read2
\l@dumylang=\language2
Package babel Info: Non-standard hyphenation setup on input line 118.
\l@nohyphenation=\language3
\l@german-x-2022-03-16=\language4
\l@ngerman-x-2022-03-16=\language5
\l@afrikaans=\language6
\l@ancientgreek=\language7
\l@ibycus=\language8
\l@arabic=\language9
\l@armenian=\language10
\l@basque=\language11
\l@belarusian=\language12
\l@bulgarian=\language13
\l@catalan=\language14
\l@pinyin=\language15
\l@churchslavonic=\language16
\l@coptic=\language17
\l@croatian=\language18
\l@czech=\language19
\l@danish=\language20
\l@dutch=\language21
\l@ukenglish=\language22
\l@usenglishmax=\language23
\l@esperanto=\language24
\l@estonian=\language25
\l@ethiopic=\language26
\l@farsi=\language27
\l@finnish=\language28
\l@schoolfinnish=\language29
\l@french=\language30
\l@friulan=\language31
\l@galician=\language32
\l@georgian=\language33
\l@german=\language34
\l@ngerman=\language35
\l@swissgerman=\language36
\l@greek=\language37
\l@monogreek=\language38
\l@hungarian=\language39
\l@icelandic=\language40
\l@assamese=\language41
\l@bengali=\language42
\l@gujarati=\language43
\l@hindi=\language44
\l@kannada=\language45
\l@malayalam=\language46
\l@marathi=\language47
\l@oriya=\language48
\l@pali=\language49
\l@panjabi=\language50
\l@tamil=\language51
\l@telugu=\language52
\l@indonesian=\language53
\l@interlingua=\language54
\l@irish=\language55
\l@italian=\language56
\l@kurmanji=\language57
\l@classiclatin=\language58
\l@latin=\language59
\l@liturgicallatin=\language60
\l@latvian=\language61
\l@lithuanian=\language62
\l@macedonian=\language63
\l@mongolian=\language64
\l@mongolianlmc=\language65
\l@bokmal=\language66
\l@nynorsk=\language67
\l@occitan=\language68
\l@piedmontese=\language69
\l@polish=\language70
\l@portuguese=\language71
\l@romanian=\language72
\l@romansh=\language73
\l@russian=\language74
\l@sanskrit=\language75
\l@serbian=\language76
\l@serbianc=\language77
\l@slovak=\language78
\l@slovenian=\language79
\l@spanish=\language80
\l@swedish=\language81
\l@thai=\language82
\l@turkish=\language83
\l@turkmen=\language84
\l@ukrainian=\language85
\l@uppersorbian=\language86
\l@welsh=\language87
\babelcatcodetablenum=\catcodetable12
\bbl@pattcodes=\catcodetable13
)
\babel@savecnt=\count183
\U@D=\dimen139
\l@unhyphenated=\language88

(/usr/local/texlive/2022/texmf-dist/tex/generic/babel/luababel.def
\bbl@attr@locale=\attribute4
)
(/usr/local/texlive/2022/texmf-dist/tex/generic/babel-english/english.ldf
Language: english 2017/06/06 v3.3r English support from the babel system
Package babel Info: Hyphen rules for 'canadian' set to \l@english
(babel)             (\language0). Reported on input line 102.
Package babel Info: Hyphen rules for 'australian' set to \l@ukenglish
(babel)             (\language22). Reported on input line 105.
Package babel Info: Hyphen rules for 'newzealand' set to \l@ukenglish
(babel)             (\language22). Reported on input line 108.
))
(/usr/local/texlive/2022/texmf-dist/tex/generic/babel/locale/en/babel-english.t
ex
Package babel Info: Importing font and identification data for english
(babel)             from babel-en.ini. Reported on input line 11.
) (/usr/local/texlive/2022/texmf-dist/tex/latex/base/ifthen.sty
Package: ifthen 2022/04/13 v1.1d Standard LaTeX ifthen package (DPC)
)
(/usr/local/texlive/2022/texmf-dist/tex/latex/tools/calc.sty
Package: calc 2017/05/25 v4.3 Infix arithmetic (KKT,FJ)
\calc@Acount=\count184
\calc@Bcount=\count185
\calc@Adimen=\dimen140
\calc@Bdimen=\dimen141
\calc@Askip=\skip48
\calc@Bskip=\skip49
LaTeX Info: Redefining \setlength on input line 80.
LaTeX Info: Redefining \addtolength on input line 81.
\calc@Ccount=\count186
\calc@Cskip=\skip50
)
(/usr/local/texlive/2022/texmf-dist/tex/latex/base/article.cls
Document Class: article 2022/07/02 v1.4n Standard LaTeX document class
(/usr/local/texlive/2022/texmf-dist/tex/latex/base/fleqn.clo
File: fleqn.clo 2016/12/29 v1.2b Standard LaTeX option (flush left equations)
\mathindent=\skip51
Applying: [2015/01/01] Make \[ robust on input line 50.
LaTeX Info: Redefining \[ on input line 51.
Already applied: [0000/00/00] Make \[ robust on input line 62.
Applying: [2015/01/01] Make \] robust on input line 74.
LaTeX Info: Redefining \] on input line 75.
Already applied: [0000/00/00] Make \] robust on input line 83.
)
(/usr/local/texlive/2022/texmf-dist/tex/latex/base/size10.clo
File: size10.clo 2022/07/02 v1.4n Standard LaTeX file (size option)
luaotfload | db : Font names database loaded from /usr/local/texlive/2022/texmf-
var/luatex-cache/generic/names/luaotfload-names.luc.gz)
\c@part=\count187
\c@section=\count188
\c@subsection=\count189
\c@subsubsection=\count190
\c@paragraph=\count191
\c@subparagraph=\count192
\c@figure=\count193
\c@table=\count194
\abovecaptionskip=\skip52
\belowcaptionskip=\skip53
\bibindent=\dimen142
)
(/usr/local/texlive/2022/texmf-dist/tex/latex/psnfss/times.sty
Package: times 2020/03/25 PSNFSS-v9.3 (SPQR) 
)
(/usr/local/texlive/2022/texmf-dist/tex/latex/psnfss/mathptmx.sty
Package: mathptmx 2020/03/25 PSNFSS-v9.3 Times w/ Math, improved (SPQR, WaS) 
LaTeX Font Info:    Redeclaring symbol font `operators' on input line 28.
LaTeX Font Info:    Overwriting symbol font `operators' in version `normal'
(Font)                  OT1/cmr/m/n --> OT1/ztmcm/m/n on input line 28.
LaTeX Font Info:    Overwriting symbol font `operators' in version `bold'
(Font)                  OT1/cmr/bx/n --> OT1/ztmcm/m/n on input line 28.
LaTeX Font Info:    Redeclaring symbol font `letters' on input line 29.
LaTeX Font Info:    Overwriting symbol font `letters' in version `normal'
(Font)                  OML/cmm/m/it --> OML/ztmcm/m/it on input line 29.
LaTeX Font Info:    Overwriting symbol font `letters' in version `bold'
(Font)                  OML/cmm/b/it --> OML/ztmcm/m/it on input line 29.
LaTeX Font Info:    Redeclaring symbol font `symbols' on input line 30.
LaTeX Font Info:    Overwriting symbol font `symbols' in version `normal'
(Font)                  OMS/cmsy/m/n --> OMS/ztmcm/m/n on input line 30.
LaTeX Font Info:    Overwriting symbol font `symbols' in version `bold'
(Font)                  OMS/cmsy/b/n --> OMS/ztmcm/m/n on input line 30.
LaTeX Font Info:    Redeclaring symbol font `largesymbols' on input line 31.
LaTeX Font Info:    Overwriting symbol font `largesymbols' in version `normal'
(Font)                  OMX/cmex/m/n --> OMX/ztmcm/m/n on input line 31.
LaTeX Font Info:    Overwriting symbol font `largesymbols' in version `bold'
(Font)                  OMX/cmex/m/n --> OMX/ztmcm/m/n on input line 31.
\symbold=\mathgroup4
\symitalic=\mathgroup5
LaTeX Font Info:    Redeclaring math alphabet \mathbf on input line 34.
LaTeX Font Info:    Overwriting math alphabet `\mathbf' in version `normal'
(Font)                  OT1/cmr/bx/n --> OT1/ptm/bx/n on input line 34.
LaTeX Font Info:    Overwriting math alphabet `\mathbf' in version `bold'
(Font)                  OT1/cmr/bx/n --> OT1/ptm/bx/n on input line 34.
LaTeX Font Info:    Redeclaring math alphabet \mathit on input line 35.
LaTeX Font Info:    Overwriting math alphabet `\mathit' in version `normal'
(Font)                  OT1/cmr/m/it --> OT1/ptm/m/it on input line 35.
LaTeX Font Info:    Overwriting math alphabet `\mathit' in version `bold'
(Font)                  OT1/cmr/bx/it --> OT1/ptm/m/it on input line 35.
LaTeX Info: Redefining \hbar on input line 50.
)
(/usr/local/texlive/2022/texmf-dist/tex/latex/lineno/lineno.sty
Package: lineno 2023/01/19 line numbers on paragraphs v5.1
\linenopenalty=\count195
\output=\toks18
\linenoprevgraf=\count196
\linenumbersep=\dimen143
\linenumberwidth=\dimen144
\c@linenumber=\count197
\c@pagewiselinenumber=\count198
\c@LN@truepage=\count199
\c@internallinenumber=\count266
\c@internallinenumbers=\count267
\quotelinenumbersep=\dimen145
\bframerule=\dimen146
\bframesep=\dimen147
\bframebox=\box51

(/usr/local/texlive/2022/texmf-dist/tex/latex/etoolbox/etoolbox.sty
Package: etoolbox 2020/10/05 v2.5k e-TeX tools for LaTeX (JAW)
\etb@tempcnta=\count268
)
LaTeX Info: Redefining \\ on input line 3131.
)
(/usr/local/texlive/2022/texmf-dist/tex/generic/iftex/ifpdf.sty
Package: ifpdf 2019/10/25 v3.4 ifpdf legacy package. Use iftex instead.

(/usr/local/texlive/2022/texmf-dist/tex/generic/iftex/iftex.sty
Package: iftex 2022/02/03 v1.0f TeX engine tests
))
(/usr/local/texlive/2022/texmf-dist/tex/latex/amsmath/amsmath.sty
Package: amsmath 2022/04/08 v2.17n AMS math features
\@mathmargin=\skip54

For additional information on amsmath, use the `?' option.
(/usr/local/texlive/2022/texmf-dist/tex/latex/amsmath/amstext.sty
Package: amstext 2021/08/26 v2.01 AMS text

(/usr/local/texlive/2022/texmf-dist/tex/latex/amsmath/amsgen.sty
File: amsgen.sty 1999/11/30 v2.0 generic functions
\@emptytoks=\toks19
\ex@=\dimen148
))
(/usr/local/texlive/2022/texmf-dist/tex/latex/amsmath/amsbsy.sty
Package: amsbsy 1999/11/29 v1.2d Bold Symbols
\pmbraise@=\dimen149
)
(/usr/local/texlive/2022/texmf-dist/tex/latex/amsmath/amsopn.sty
Package: amsopn 2022/04/08 v2.04 operator names
)
\inf@bad=\count269
LaTeX Info: Redefining \frac on input line 236.
\uproot@=\count270
\leftroot@=\count271
LaTeX Info: Redefining \overline on input line 399.
LaTeX Info: Redefining \colon on input line 410.
\classnum@=\count272
\DOTSCASE@=\count273
LaTeX Info: Redefining \ldots on input line 496.
LaTeX Info: Redefining \dots on input line 499.
LaTeX Info: Redefining \cdots on input line 620.
\Mathstrutbox@=\box52
\strutbox@=\box53
LaTeX Info: Redefining \big on input line 722.
LaTeX Info: Redefining \Big on input line 723.
LaTeX Info: Redefining \bigg on input line 724.
LaTeX Info: Redefining \Bigg on input line 725.
\big@size=\dimen150
LaTeX Font Info:    Redeclaring font encoding OML on input line 743.
LaTeX Font Info:    Redeclaring font encoding OMS on input line 744.
\macc@depth=\count274
LaTeX Info: Redefining \bmod on input line 905.
LaTeX Info: Redefining \pmod on input line 910.
LaTeX Info: Redefining \smash on input line 940.
LaTeX Info: Redefining \relbar on input line 970.
LaTeX Info: Redefining \Relbar on input line 971.
\c@MaxMatrixCols=\count275
\dotsspace@=\muskip16
\c@parentequation=\count276
\dspbrk@lvl=\count277
\tag@help=\toks20
\row@=\count278
\column@=\count279
\maxfields@=\count280
\andhelp@=\toks21
\eqnshift@=\dimen151
\alignsep@=\dimen152
\tagshift@=\dimen153
\tagwidth@=\dimen154
\totwidth@=\dimen155
\lineht@=\dimen156
\@envbody=\toks22
\multlinegap=\skip55
\multlinetaggap=\skip56
\mathdisplay@stack=\toks23
LaTeX Info: Redefining \[ on input line 2953.
LaTeX Info: Redefining \] on input line 2954.
)
\linenoamsmath@ams@eqpen=\count281

(/usr/local/texlive/2022/texmf-dist/tex/latex/amsfonts/amsfonts.sty
Package: amsfonts 2013/01/14 v3.01 Basic AMSFonts support
\symAMSa=\mathgroup6
\symAMSb=\mathgroup7
LaTeX Font Info:    Overwriting math alphabet `\mathfrak' in version `bold'
(Font)                  U/euf/m/n --> U/euf/b/n on input line 106.
)
(/usr/local/texlive/2022/texmf-dist/tex/latex/amsfonts/amssymb.sty
Package: amssymb 2013/01/14 v3.01 AMS font symbols
)
(/usr/local/texlive/2022/texmf-dist/tex/latex/graphics/graphicx.sty
Package: graphicx 2021/09/16 v1.2d Enhanced LaTeX Graphics (DPC,SPQR)

(/usr/local/texlive/2022/texmf-dist/tex/latex/graphics/keyval.sty
Package: keyval 2022/05/29 v1.15 key=value parser (DPC)
\KV@toks@=\toks24
)
(/usr/local/texlive/2022/texmf-dist/tex/latex/graphics/graphics.sty
Package: graphics 2022/03/10 v1.4e Standard LaTeX Graphics (DPC,SPQR)

(/usr/local/texlive/2022/texmf-dist/tex/latex/graphics/trig.sty
Package: trig 2021/08/11 v1.11 sin cos tan (DPC)
)
(/usr/local/texlive/2022/texmf-dist/tex/latex/graphics-cfg/graphics.cfg
File: graphics.cfg 2016/06/04 v1.11 sample graphics configuration
)
Package graphics Info: Driver file: luatex.def on input line 107.

(/usr/local/texlive/2022/texmf-dist/tex/latex/graphics-def/luatex.def
File: luatex.def 2022/09/22 v1.2d Graphics/color driver for luatex
))
\Gin@req@height=\dimen157
\Gin@req@width=\dimen158
)
(/usr/local/texlive/2022/texmf-dist/tex/latex/xcolor/xcolor.sty
Package: xcolor 2022/06/12 v2.14 LaTeX color extensions (UK)

(/usr/local/texlive/2022/texmf-dist/tex/latex/graphics-cfg/color.cfg
File: color.cfg 2016/01/02 v1.6 sample color configuration
)
Package xcolor Info: Driver file: luatex.def on input line 227.

(/usr/local/texlive/2022/texmf-dist/tex/latex/graphics/mathcolor.ltx)
Package xcolor Info: Model `cmy' substituted by `cmy0' on input line 1353.
Package xcolor Info: Model `hsb' substituted by `rgb' on input line 1357.
Package xcolor Info: Model `RGB' extended on input line 1369.
Package xcolor Info: Model `HTML' substituted by `rgb' on input line 1371.
Package xcolor Info: Model `Hsb' substituted by `hsb' on input line 1372.
Package xcolor Info: Model `tHsb' substituted by `hsb' on input line 1373.
Package xcolor Info: Model `HSB' substituted by `hsb' on input line 1374.
Package xcolor Info: Model `Gray' substituted by `gray' on input line 1375.
Package xcolor Info: Model `wave' substituted by `hsb' on input line 1376.
)
(/usr/local/texlive/2022/texmf-dist/tex/latex/booktabs/booktabs.sty
Package: booktabs 2020/01/12 v1.61803398 Publication quality tables
\heavyrulewidth=\dimen159
\lightrulewidth=\dimen160
\cmidrulewidth=\dimen161
\belowrulesep=\dimen162
\belowbottomsep=\dimen163
\aboverulesep=\dimen164
\abovetopsep=\dimen165
\cmidrulesep=\dimen166
\cmidrulekern=\dimen167
\defaultaddspace=\dimen168
\@cmidla=\count282
\@cmidlb=\count283
\@aboverulesep=\dimen169
\@belowrulesep=\dimen170
\@thisruleclass=\count284
\@lastruleclass=\count285
\@thisrulewidth=\dimen171
)
(/usr/local/texlive/2022/texmf-dist/tex/latex/preprint/authblk.sty
Package: authblk 2001/02/27 1.3 (PWD)
\affilsep=\skip57
\@affilsep=\skip58
\c@Maxaffil=\count286
\c@authors=\count287
\c@affil=\count288
)
(/usr/local/texlive/2022/texmf-dist/tex/latex/geometry/geometry.sty
Package: geometry 2020/01/02 v5.9 Page Geometry

(/usr/local/texlive/2022/texmf-dist/tex/generic/iftex/ifvtex.sty
Package: ifvtex 2019/10/25 v1.7 ifvtex legacy package. Use iftex instead.
)
\Gm@cnth=\count289
\Gm@cntv=\count290
\c@Gm@tempcnt=\count291
\Gm@bindingoffset=\dimen172
\Gm@wd@mp=\dimen173
\Gm@odd@mp=\dimen174
\Gm@even@mp=\dimen175
\Gm@layoutwidth=\dimen176
\Gm@layoutheight=\dimen177
\Gm@layouthoffset=\dimen178
\Gm@layoutvoffset=\dimen179
\Gm@dimlist=\toks25
)
(/usr/local/texlive/2022/texmf-dist/tex/latex/caption/caption.sty
Package: caption 2022/03/01 v3.6b Customizing captions (AR)

(/usr/local/texlive/2022/texmf-dist/tex/latex/caption/caption3.sty
Package: caption3 2022/03/17 v2.3b caption3 kernel (AR)
\caption@tempdima=\dimen180
\captionmargin=\dimen181
\caption@leftmargin=\dimen182
\caption@rightmargin=\dimen183
\caption@width=\dimen184
\caption@indent=\dimen185
\caption@parindent=\dimen186
\caption@hangindent=\dimen187
Package caption Info: Standard document class detected.
)
\c@caption@flags=\count292
\c@continuedfloat=\count293
)
(/usr/local/texlive/2022/texmf-dist/tex/latex/fancyhdr/fancyhdr.sty
Package: fancyhdr 2022/11/09 v4.1 Extensive control of page headers and footers

\f@nch@headwidth=\skip59
\f@nch@O@elh=\skip60
\f@nch@O@erh=\skip61
\f@nch@O@olh=\skip62
\f@nch@O@orh=\skip63
\f@nch@O@elf=\skip64
\f@nch@O@erf=\skip65
\f@nch@O@olf=\skip66
\f@nch@O@orf=\skip67
)
(/usr/local/texlive/2022/texmf-dist/tex/latex/lastpage/lastpage.sty
Package: lastpage 2021/09/03 v1.2n Refers to last page's name (HMM; JPG)
)
(/usr/local/texlive/2022/texmf-dist/tex/latex/titlesec/titlesec.sty
Package: titlesec 2021/07/05 v2.14 Sectioning titles
\ttl@box=\box54
\beforetitleunit=\skip68
\aftertitleunit=\skip69
\ttl@plus=\dimen188
\ttl@minus=\dimen189
\ttl@toksa=\toks26
\titlewidth=\dimen190
\titlewidthlast=\dimen191
\titlewidthfirst=\dimen192
)
(/usr/local/texlive/2022/texmf-dist/tex/latex/titlesec/titletoc.sty
Package: titletoc 2021/07/05 v2.14 TOC entries
\ttl@leftsep=\dimen193
)
(/usr/local/texlive/2022/texmf-dist/tex/latex/enumitem/enumitem.sty
Package: enumitem 2019/06/20 v3.9 Customized lists
\labelindent=\skip70
\enit@outerparindent=\dimen194
\enit@toks=\toks27
\enit@inbox=\box55
\enit@count@id=\count294
\enitdp@description=\count295
)
\tocsep=\skip71

(/usr/local/texlive/2022/texmf-dist/tex/latex/lipsum/lipsum.sty
(/usr/local/texlive/2022/texmf-dist/tex/latex/l3packages/l3keys2e/l3keys2e.sty
(/usr/local/texlive/2022/texmf-dist/tex/latex/l3kernel/expl3.sty
Package: expl3 2023-01-16 L3 programming layer (loader) 

(/usr/local/texlive/2022/texmf-dist/tex/latex/l3backend/l3backend-luatex.def
File: l3backend-luatex.def 2023-01-16 L3 backend support: PDF output (LuaTeX)
\l__color_backend_stack_int=\count296
\l__pdf_internal_box=\box56
))
Package: l3keys2e 2023-01-16 LaTeX2e option processing using LaTeX3 keys
)
Package: lipsum 2021-09-20 v2.7 150 paragraphs of Lorem Ipsum dummy text
\g__lipsum_par_int=\count297
\l__lipsum_a_int=\count298
\l__lipsum_b_int=\count299
(/usr/local/texlive/2022/texmf-dist/tex/latex/lipsum/lipsum.ltd.tex)))
(/usr/local/texlive/2022/texmf-dist/tex/latex/microtype/microtype.sty
Package: microtype 2022/06/23 v3.0f Micro-typographical refinements (RS)
\MT@toks=\toks28
\MT@tempbox=\box57
\MT@count=\count300
LaTeX Info: Redefining \noprotrusionifhmode on input line 1045.
LaTeX Info: Redefining \leftprotrusion on input line 1046.
LaTeX Info: Redefining \rightprotrusion on input line 1056.
LaTeX Info: Redefining \textls on input line 1234.
\MT@outer@kern=\dimen195
LaTeX Info: Redefining \textmicrotypecontext on input line 1858.
\MT@listname@count=\count301

(/usr/local/texlive/2022/texmf-dist/tex/latex/microtype/microtype-luatex.def
File: microtype-luatex.def 2022/06/23 v3.0f Definitions specific to luatex (RS)

Lua module: microtype 2022/06/23 3.0f microtype module.
Module microtype Info: overwriting function `keepligature' on input line 63
LaTeX Info: Redefining \lsstyle on input line 686.
LaTeX Info: Redefining \lslig on input line 686.
\MT@outer@space=\skip72
)
Package microtype Info: Loading configuration file microtype.cfg.

(/usr/local/texlive/2022/texmf-dist/tex/latex/microtype/microtype.cfg
File: microtype.cfg 2022/06/23 v3.0f microtype main configuration file (RS)
))
(/usr/local/texlive/2022/texmf-dist/tex/latex/hyperref/hyperref.sty
Package: hyperref 2022-11-13 v7.00u Hypertext links for LaTeX

(/usr/local/texlive/2022/texmf-dist/tex/generic/ltxcmds/ltxcmds.sty
Package: ltxcmds 2020-05-10 v1.25 LaTeX kernel commands for general use (HO)
)
(/usr/local/texlive/2022/texmf-dist/tex/generic/pdftexcmds/pdftexcmds.sty
Package: pdftexcmds 2020-06-27 v0.33 Utility functions of pdfTeX for LuaTeX (HO
)

(/usr/local/texlive/2022/texmf-dist/tex/generic/infwarerr/infwarerr.sty
Package: infwarerr 2019/12/03 v1.5 Providing info/warning/error messages (HO)
)
Package pdftexcmds Info: \pdf@primitive is available.
Package pdftexcmds Info: \pdf@ifprimitive is available.
Package pdftexcmds Info: \pdfdraftmode found.
\pdftexcmds@toks=\toks29
)
(/usr/local/texlive/2022/texmf-dist/tex/latex/kvsetkeys/kvsetkeys.sty
Package: kvsetkeys 2022-10-05 v1.19 Key value parser (HO)
)
(/usr/local/texlive/2022/texmf-dist/tex/generic/kvdefinekeys/kvdefinekeys.sty
Package: kvdefinekeys 2019-12-19 v1.6 Define keys (HO)
)
(/usr/local/texlive/2022/texmf-dist/tex/generic/pdfescape/pdfescape.sty
Package: pdfescape 2019/12/09 v1.15 Implements pdfTeX's escape features (HO)
)
(/usr/local/texlive/2022/texmf-dist/tex/latex/hycolor/hycolor.sty
Package: hycolor 2020-01-27 v1.10 Color options for hyperref/bookmark (HO)
)
(/usr/local/texlive/2022/texmf-dist/tex/latex/letltxmacro/letltxmacro.sty
Package: letltxmacro 2019/12/03 v1.6 Let assignment for LaTeX macros (HO)
)
(/usr/local/texlive/2022/texmf-dist/tex/latex/auxhook/auxhook.sty
Package: auxhook 2019-12-17 v1.6 Hooks for auxiliary files (HO)
)
(/usr/local/texlive/2022/texmf-dist/tex/latex/hyperref/nameref.sty
Package: nameref 2022-05-17 v2.50 Cross-referencing by name of section

(/usr/local/texlive/2022/texmf-dist/tex/latex/refcount/refcount.sty
Package: refcount 2019/12/15 v3.6 Data extraction from label references (HO)
)
(/usr/local/texlive/2022/texmf-dist/tex/generic/gettitlestring/gettitlestring.s
ty
Package: gettitlestring 2019/12/15 v1.6 Cleanup title references (HO)
 (/usr/local/texlive/2022/texmf-dist/tex/latex/kvoptions/kvoptions.sty
Package: kvoptions 2022-06-15 v3.15 Key value format for package options (HO)
))
\c@section@level=\count302
)
\@linkdim=\dimen196
\Hy@linkcounter=\count303
\Hy@pagecounter=\count304

(/usr/local/texlive/2022/texmf-dist/tex/latex/hyperref/pd1enc.def
File: pd1enc.def 2022-11-13 v7.00u Hyperref: PDFDocEncoding definition (HO)
)
(/usr/local/texlive/2022/texmf-dist/tex/generic/intcalc/intcalc.sty
Package: intcalc 2019/12/15 v1.3 Expandable calculations with integers (HO)
)
(/usr/local/texlive/2022/texmf-dist/tex/generic/etexcmds/etexcmds.sty
Package: etexcmds 2019/12/15 v1.7 Avoid name clashes with e-TeX commands (HO)
)
\Hy@SavedSpaceFactor=\count305

(/usr/local/texlive/2022/texmf-dist/tex/latex/hyperref/puenc.def
File: puenc.def 2022-11-13 v7.00u Hyperref: PDF Unicode definition (HO)
)
Package hyperref Info: Hyper figures OFF on input line 4162.
Package hyperref Info: Link nesting OFF on input line 4167.
Package hyperref Info: Hyper index ON on input line 4170.
Package hyperref Info: Plain pages OFF on input line 4177.
Package hyperref Info: Backreferencing OFF on input line 4182.
Package hyperref Info: Implicit mode ON; LaTeX internals redefined.
Package hyperref Info: Bookmarks ON on input line 4410.
\c@Hy@tempcnt=\count306

(/usr/local/texlive/2022/texmf-dist/tex/latex/url/url.sty
\Urlmuskip=\muskip17
Package: url 2013/09/16  ver 3.4  Verb mode for urls, etc.
)
LaTeX Info: Redefining \url on input line 4748.
\XeTeXLinkMargin=\dimen197

(/usr/local/texlive/2022/texmf-dist/tex/generic/bitset/bitset.sty
Package: bitset 2019/12/09 v1.3 Handle bit-vector datatype (HO)

(/usr/local/texlive/2022/texmf-dist/tex/generic/bigintcalc/bigintcalc.sty
Package: bigintcalc 2019/12/15 v1.5 Expandable calculations on big integers (HO
)
))
\Fld@menulength=\count307
\Field@Width=\dimen198
\Fld@charsize=\dimen199
Package hyperref Info: Hyper figures OFF on input line 6027.
Package hyperref Info: Link nesting OFF on input line 6032.
Package hyperref Info: Hyper index ON on input line 6035.
Package hyperref Info: backreferencing OFF on input line 6042.
Package hyperref Info: Link coloring OFF on input line 6047.
Package hyperref Info: Link coloring with OCG OFF on input line 6052.
Package hyperref Info: PDF/A mode OFF on input line 6057.

(/usr/local/texlive/2022/texmf-dist/tex/latex/base/atbegshi-ltx.sty
Package: atbegshi-ltx 2021/01/10 v1.0c Emulation of the original atbegshi
package with kernel methods
)
\Hy@abspage=\count308
\c@Item=\count309
\c@Hfootnote=\count310
)
Package hyperref Info: Driver (autodetected): hluatex.

(/usr/local/texlive/2022/texmf-dist/tex/latex/hyperref/hluatex.def
File: hluatex.def 2022-11-13 v7.00u Hyperref driver for luaTeX

(/usr/local/texlive/2022/texmf-dist/tex/generic/stringenc/stringenc.sty
Package: stringenc 2019/11/29 v1.12 Convert strings between diff. encodings (HO
)
)
(/usr/local/texlive/2022/texmf-dist/tex/latex/base/atveryend-ltx.sty
Package: atveryend-ltx 2020/08/19 v1.0a Emulation of the original atveryend pac
kage
with kernel methods
)
\Fld@listcount=\count311
\c@bookmark@seq@number=\count312

(/usr/local/texlive/2022/texmf-dist/tex/latex/rerunfilecheck/rerunfilecheck.sty
Package: rerunfilecheck 2022-07-10 v1.10 Rerun checks for auxiliary files (HO)

(/usr/local/texlive/2022/texmf-dist/tex/generic/uniquecounter/uniquecounter.sty
Package: uniquecounter 2019/12/15 v1.4 Provide unlimited unique counter (HO)
)
Package uniquecounter Info: New unique counter `rerunfilecheck' on input line 2
85.
)
\Hy@SectionHShift=\skip73
) (/usr/local/texlive/2022/texmf-dist/tex/latex/tools/longtable.sty
Package: longtable 2021-09-01 v4.17 Multi-page Table package (DPC)
\LTleft=\skip74
\LTright=\skip75
\LTpre=\skip76
\LTpost=\skip77
\LTchunksize=\count313
\LTcapwidth=\dimen256
\LT@head=\box58
\LT@firsthead=\box59
\LT@foot=\box60
\LT@lastfoot=\box61
\LT@gbox=\box62
\LT@cols=\count314
\LT@rows=\count315
\c@LT@tables=\count316
\c@LT@chunks=\count317
\LT@p@ftn=\toks30
)
(/usr/local/texlive/2022/texmf-dist/tex/latex/tools/array.sty
Package: array 2022/09/04 v2.5g Tabular extension package (FMi)
\col@sep=\dimen257
\ar@mcellbox=\box63
\extrarowheight=\dimen258
\NC@list=\toks31
\extratabsurround=\skip78
\backup@length=\skip79
\ar@cellbox=\box64
)
\cslhangindent=\skip80
\csllabelwidth=\skip81
\cslentryspacingunit=\skip82

(/usr/local/texlive/2022/texmf-dist/tex/latex/fontspec/fontspec.sty
(/usr/local/texlive/2022/texmf-dist/tex/latex/l3packages/xparse/xparse.sty
Package: xparse 2023-01-16 L3 Experimental document command parser
)
Package: fontspec 2022/01/15 v2.8a Font selection for XeLaTeX and LuaLaTeX
Lua module: fontspec 2022/01/15 2.8a Font selection for XeLaTeX and LuaLaTeX
(/usr/local/texlive/2022/texmf-dist/tex/latex/fontspec/fontspec-luatex.sty
Package: fontspec-luatex 2022/01/15 v2.8a Font selection for XeLaTeX and LuaLaT
eX
\l__fontspec_script_int=\count318
\l__fontspec_language_int=\count319
\l__fontspec_strnum_int=\count320
\l__fontspec_tmp_int=\count321
\l__fontspec_tmpa_int=\count322
\l__fontspec_tmpb_int=\count323
\l__fontspec_tmpc_int=\count324
\l__fontspec_em_int=\count325
\l__fontspec_emdef_int=\count326
\l__fontspec_strong_int=\count327
\l__fontspec_strongdef_int=\count328
\l__fontspec_tmpa_dim=\dimen259
\l__fontspec_tmpb_dim=\dimen260
\l__fontspec_tmpc_dim=\dimen261

(/usr/local/texlive/2022/texmf-dist/tex/latex/base/fontenc.sty
Package: fontenc 2021/04/29 v2.0v Standard LaTeX package
)
(/usr/local/texlive/2022/texmf-dist/tex/latex/fontspec/fontspec.cfg)))
(/usr/local/texlive/2022/texmf-dist/tex/latex/unicode-math/unicode-math.sty
Package: unicode-math 2020/01/31 v0.8q Unicode maths in XeLaTeX and LuaLaTeX

(/usr/local/texlive/2022/texmf-dist/tex/latex/unicode-math/unicode-math-luatex.
sty
Package: unicode-math-luatex 2020/01/31 v0.8q Unicode maths in XeLaTeX and LuaL
aTeX
 (/usr/local/texlive/2022/texmf-dist/tex/latex/base/fix-cm.sty
Package: fix-cm 2020/11/24 v1.1t fixes to LaTeX

(/usr/local/texlive/2022/texmf-dist/tex/latex/base/ts1enc.def
File: ts1enc.def 2001/06/05 v3.0e (jk/car/fm) Standard LaTeX file
LaTeX Font Info:    Redeclaring font encoding TS1 on input line 47.
))
(/usr/local/texlive/2022/texmf-dist/tex/lualatex/lualatex-math/lualatex-math.st
y
Package: lualatex-math 2022/01/01 v1.12 Patches for mathematics typesetting wit
h LuaLaTeX
Lua module: lualatex-math 2013/08/03 1.3 Patches for mathematics typesetting wit
h LuaLaTeX)
\g__um_fam_int=\count329
\g__um_fonts_used_int=\count330
\l__um_primecount_int=\count331
\g__um_primekern_muskip=\muskip18

(/usr/local/texlive/2022/texmf-dist/tex/latex/unicode-math/unicode-math-table.t
ex)))

Package fontspec Info: Font family 'STIX2Math(0)' created for font 'STIX2Math'
(fontspec)             with options
(fontspec)             [Renderer=Basic,BoldItalicFont={},ItalicFont={},SmallCap
sFont={},Script=Math,FontAdjustment={\__um_luatex_copy_fontdimens:
(fontspec)             },Extension={.otf},Path={./STIX2fonts/},Scale={1}].
(fontspec)              
(fontspec)              This font family consists of the following NFSS
(fontspec)             series/shapes:
(fontspec)              
(fontspec)             - 'normal' (m/n) with NFSS spec.:
(fontspec)             <->s*[1]"[./STIX2fonts/STIX2Math.otf]:mode=base;script=m
ath;language=dflt;"
(fontspec)             - 'small caps'  (m/sc) with NFSS spec.: 
(fontspec)             and font adjustment code:
(fontspec)             \__um_luatex_copy_fontdimens: 

LaTeX Font Info:    Font shape `TU/STIX2Math(0)/m/n' will be
(Font)              scaled to size 10.0pt on input line 66.

Package fontspec Info: Font family 'STIX2Math(1)' created for font 'STIX2Math'
(fontspec)             with options
(fontspec)             [Renderer=Basic,BoldItalicFont={},ItalicFont={},SmallCap
sFont={},Script=Math,SizeFeatures={{Size=8.5-},{Size=6.25-8.5,Font=STIX2Math,St
yle=MathScript},{Size=-6.25,Font=STIX2Math,Style=MathScriptScript}},FontAdjustm
ent={\__um_luatex_copy_fontdimens:
(fontspec)             },Extension={.otf},Path={./STIX2fonts/},Scale={1}].
(fontspec)              
(fontspec)              This font family consists of the following NFSS
(fontspec)             series/shapes:
(fontspec)              
(fontspec)             - 'normal' (m/n) with NFSS spec.:
(fontspec)             <8.5->s*[1]"[./STIX2fonts/STIX2Math.otf]:mode=base;scrip
t=math;language=dflt;"<6.25-8.5>s*[1]"[./STIX2fonts/STIX2Math.otf]:mode=base;sc
ript=math;language=dflt;+ssty=0;"<-6.25>s*[1]"[./STIX2fonts/STIX2Math.otf]:mode
=base;script=math;language=dflt;+ssty=1;"
(fontspec)             - 'small caps'  (m/sc) with NFSS spec.: 
(fontspec)             and font adjustment code:
(fontspec)             \__um_luatex_copy_fontdimens: 

LaTeX Font Info:    Font shape `TU/STIX2Math(1)/m/n' will be
(Font)              scaled to size 10.0pt on input line 66.
LaTeX Font Info:    Encoding `OT1' has changed to `TU' for symbol font
(Font)              `operators' in the math version `normal' on input line 66.
LaTeX Font Info:    Overwriting symbol font `operators' in version `normal'
(Font)                  OT1/ztmcm/m/n --> TU/STIX2Math(1)/m/n on input line 66.

LaTeX Font Info:    Encoding `OT1' has changed to `TU' for symbol font
(Font)              `operators' in the math version `bold' on input line 66.
LaTeX Font Info:    Overwriting symbol font `operators' in version `bold'
(Font)                  OT1/ztmcm/m/n --> TU/STIX2Math(1)/b/n on input line 66.


Package fontspec Info: STIX2Math scale = 1.0001.


Package fontspec Info: STIX2Math scale = 1.0001.


Package fontspec Info: STIX2Math scale = 1.0001.


Package fontspec Info: STIX2Math scale = 1.0001.


Package fontspec Info: Font family 'STIX2Math(2)' created for font 'STIX2Math'
(fontspec)             with options
(fontspec)             [Renderer=Basic,BoldItalicFont={},ItalicFont={},SmallCap
sFont={},Script=Math,SizeFeatures={{Size=8.5-},{Size=6.25-8.5,Font=STIX2Math,St
yle=MathScript},{Size=-6.25,Font=STIX2Math,Style=MathScriptScript}},FontAdjustm
ent={\__um_luatex_copy_fontdimens:
(fontspec)             },Extension={.otf},Path={./STIX2fonts/},Scale={1},ScaleA
gain=1.0001,FontAdjustment={\fontdimen
(fontspec)             8\font =6.4pt\relax \fontdimen 9\font =5.84999pt\relax
(fontspec)             \fontdimen 10\font =4.7pt\relax \fontdimen 11\font
(fontspec)             =6.4pt\relax \fontdimen 12\font =5.84999pt\relax
(fontspec)             \fontdimen 13\font =3.59999pt\relax \fontdimen 14\font
(fontspec)             =3.59999pt\relax \fontdimen 15\font =2.51999pt\relax
(fontspec)             \fontdimen 16\font =2.09999pt\relax \fontdimen 17\font
(fontspec)             =2.09999pt\relax \fontdimen 18\font =2.29999pt\relax
(fontspec)             \fontdimen 19\font =1.59999pt\relax \fontdimen 22\font
(fontspec)             =2.57999pt\relax \fontdimen 20\font =0pt\relax
(fontspec)             \fontdimen 21\font =0pt\relax }].
(fontspec)              
(fontspec)              This font family consists of the following NFSS
(fontspec)             series/shapes:
(fontspec)              
(fontspec)             - 'normal' (m/n) with NFSS spec.:
(fontspec)             <8.5->s*[1.0001]"[./STIX2fonts/STIX2Math.otf]:mode=base;
script=math;language=dflt;"<6.25-8.5>s*[1.0001]"[./STIX2fonts/STIX2Math.otf]:mo
de=base;script=math;language=dflt;+ssty=0;"<-6.25>s*[1.0001]"[./STIX2fonts/STIX
2Math.otf]:mode=base;script=math;language=dflt;+ssty=1;"
(fontspec)             - 'small caps'  (m/sc) with NFSS spec.: 
(fontspec)             and font adjustment code:
(fontspec)             \__um_luatex_copy_fontdimens: \fontdimen 8\font
(fontspec)             =6.4pt\relax \fontdimen 9\font =5.84999pt\relax
(fontspec)             \fontdimen 10\font =4.7pt\relax \fontdimen 11\font
(fontspec)             =6.4pt\relax \fontdimen 12\font =5.84999pt\relax
(fontspec)             \fontdimen 13\font =3.59999pt\relax \fontdimen 14\font
(fontspec)             =3.59999pt\relax \fontdimen 15\font =2.51999pt\relax
(fontspec)             \fontdimen 16\font =2.09999pt\relax \fontdimen 17\font
(fontspec)             =2.09999pt\relax \fontdimen 18\font =2.29999pt\relax
(fontspec)             \fontdimen 19\font =1.59999pt\relax \fontdimen 22\font
(fontspec)             =2.57999pt\relax \fontdimen 20\font =0pt\relax
(fontspec)             \fontdimen 21\font =0pt\relax 

LaTeX Font Info:    Encoding `OMS' has changed to `TU' for symbol font
(Font)              `symbols' in the math version `normal' on input line 66.
LaTeX Font Info:    Overwriting symbol font `symbols' in version `normal'
(Font)                  OMS/ztmcm/m/n --> TU/STIX2Math(2)/m/n on input line 66.

LaTeX Font Info:    Encoding `OMS' has changed to `TU' for symbol font
(Font)              `symbols' in the math version `bold' on input line 66.
LaTeX Font Info:    Overwriting symbol font `symbols' in version `bold'
(Font)                  OMS/ztmcm/m/n --> TU/STIX2Math(2)/b/n on input line 66.


Package fontspec Info: STIX2Math scale = 0.9999.


Package fontspec Info: STIX2Math scale = 0.9999.


Package fontspec Info: STIX2Math scale = 0.9999.


Package fontspec Info: STIX2Math scale = 0.9999.


Package fontspec Info: Font family 'STIX2Math(3)' created for font 'STIX2Math'
(fontspec)             with options
(fontspec)             [Renderer=Basic,BoldItalicFont={},ItalicFont={},SmallCap
sFont={},Script=Math,SizeFeatures={{Size=8.5-},{Size=6.25-8.5,Font=STIX2Math,St
yle=MathScript},{Size=-6.25,Font=STIX2Math,Style=MathScriptScript}},FontAdjustm
ent={\__um_luatex_copy_fontdimens:
(fontspec)             },Extension={.otf},Path={./STIX2fonts/},Scale={1},ScaleA
gain=0.9999,FontAdjustment={\fontdimen
(fontspec)             8\font =0.68pt\relax \fontdimen 9\font =1.34999pt\relax
(fontspec)             \fontdimen 10\font =1.34999pt\relax \fontdimen 11\font
(fontspec)             =3.0pt\relax \fontdimen 12\font =6.7pt\relax \fontdimen
(fontspec)             13\font =0pt\relax }].
(fontspec)              
(fontspec)              This font family consists of the following NFSS
(fontspec)             series/shapes:
(fontspec)              
(fontspec)             - 'normal' (m/n) with NFSS spec.:
(fontspec)             <8.5->s*[0.9999]"[./STIX2fonts/STIX2Math.otf]:mode=base;
script=math;language=dflt;"<6.25-8.5>s*[0.9999]"[./STIX2fonts/STIX2Math.otf]:mo
de=base;script=math;language=dflt;+ssty=0;"<-6.25>s*[0.9999]"[./STIX2fonts/STIX
2Math.otf]:mode=base;script=math;language=dflt;+ssty=1;"
(fontspec)             - 'small caps'  (m/sc) with NFSS spec.: 
(fontspec)             and font adjustment code:
(fontspec)             \__um_luatex_copy_fontdimens: \fontdimen 8\font
(fontspec)             =0.68pt\relax \fontdimen 9\font =1.34999pt\relax
(fontspec)             \fontdimen 10\font =1.34999pt\relax \fontdimen 11\font
(fontspec)             =3.0pt\relax \fontdimen 12\font =6.7pt\relax \fontdimen
(fontspec)             13\font =0pt\relax 

LaTeX Font Info:    Encoding `OMX' has changed to `TU' for symbol font
(Font)              `largesymbols' in the math version `normal' on input line 6
6.
LaTeX Font Info:    Overwriting symbol font `largesymbols' in version `normal'
(Font)                  OMX/ztmcm/m/n --> TU/STIX2Math(3)/m/n on input line 66.

LaTeX Font Info:    Encoding `OMX' has changed to `TU' for symbol font
(Font)              `largesymbols' in the math version `bold' on input line 66.

LaTeX Font Info:    Overwriting symbol font `largesymbols' in version `bold'
(Font)                  OMX/ztmcm/m/n --> TU/STIX2Math(3)/b/n on input line 66.

LaTeX Font Info:    Font shape `TU/STIX2Math(1)/m/n' will be
(Font)              scaled to size 7.0pt on input line 66.
LaTeX Font Info:    Font shape `TU/STIX2Math(1)/m/n' will be
(Font)              scaled to size 5.5pt on input line 66.
LaTeX Font Info:    Trying to load font information for OML+ztmcm on input line
 66.
 (/usr/local/texlive/2022/texmf-dist/tex/latex/psnfss/omlztmcm.fd
File: omlztmcm.fd 2000/01/03 Fontinst v1.801 font definitions for OML/ztmcm.
)
LaTeX Font Info:    Font shape `TU/STIX2Math(2)/m/n' will be
(Font)              scaled to size 10.00107pt on input line 66.
LaTeX Font Info:    Font shape `TU/STIX2Math(2)/m/n' will be
(Font)              scaled to size 7.00075pt on input line 66.
LaTeX Font Info:    Font shape `TU/STIX2Math(2)/m/n' will be
(Font)              scaled to size 5.50058pt on input line 66.
LaTeX Font Info:    Font shape `TU/STIX2Math(3)/m/n' will be
(Font)              scaled to size 9.99893pt on input line 66.
LaTeX Font Info:    Font shape `TU/STIX2Math(3)/m/n' will be
(Font)              scaled to size 6.99925pt on input line 66.
LaTeX Font Info:    Font shape `TU/STIX2Math(3)/m/n' will be
(Font)              scaled to size 5.4994pt on input line 66.
LaTeX Font Info:    Trying to load font information for OT1+ptm on input line 6
6.

(/usr/local/texlive/2022/texmf-dist/tex/latex/psnfss/ot1ptm.fd
File: ot1ptm.fd 2001/06/04 font definitions for OT1/ptm.
)
LaTeX Font Info:    Font shape `OT1/ptm/bx/n' in size <10> not available
(Font)              Font shape `OT1/ptm/b/n' tried instead on input line 66.
LaTeX Font Info:    Font shape `OT1/ptm/bx/n' in size <7> not available
(Font)              Font shape `OT1/ptm/b/n' tried instead on input line 66.
LaTeX Font Info:    Font shape `OT1/ptm/bx/n' in size <5.5> not available
(Font)              Font shape `OT1/ptm/b/n' tried instead on input line 66.
LaTeX Font Info:    Trying to load font information for U+msa on input line 66.


(/usr/local/texlive/2022/texmf-dist/tex/latex/amsfonts/umsa.fd
File: umsa.fd 2013/01/14 v3.01 AMS symbols A
)
LaTeX Font Info:    Trying to load font information for U+msb on input line 66.


(/usr/local/texlive/2022/texmf-dist/tex/latex/amsfonts/umsb.fd
File: umsb.fd 2013/01/14 v3.01 AMS symbols B
)

Package fontspec Info: Font family 'STIX2Text(0)' created for font 'STIX2Text'
(fontspec)             with options
(fontspec)             [Ligatures=TeX,Extension={.otf},Path=./STIX2fonts/,Uprig
htFont={*-Regular},BoldFont={*-Bold},ItalicFont={*-Italic},BoldItalicFont={*-Bo
ldItalic}].
(fontspec)              
(fontspec)              This font family consists of the following NFSS
(fontspec)             series/shapes:
(fontspec)              
(fontspec)             - 'normal' (m/n) with NFSS spec.:
(fontspec)             <->"[./STIX2fonts/STIX2Text-Regular.otf]:mode=node;scrip
t=latn;language=dflt;+tlig;"
(fontspec)             - 'small caps'  (m/sc) with NFSS spec.:
(fontspec)             <->"[./STIX2fonts/STIX2Text-Regular.otf]:mode=node;scrip
t=latn;language=dflt;+tlig;+smcp;"
(fontspec)             - 'bold' (b/n) with NFSS spec.:
(fontspec)             <->"[./STIX2fonts/STIX2Text-Bold.otf]:mode=node;script=l
atn;language=dflt;+tlig;"
(fontspec)             - 'bold small caps'  (b/sc) with NFSS spec.:
(fontspec)             <->"[./STIX2fonts/STIX2Text-Bold.otf]:mode=node;script=l
atn;language=dflt;+tlig;+smcp;"
(fontspec)             - 'italic' (m/it) with NFSS spec.:
(fontspec)             <->"[./STIX2fonts/STIX2Text-Italic.otf]:mode=node;script
=latn;language=dflt;+tlig;"
(fontspec)             - 'italic small caps'  (m/scit) with NFSS spec.:
(fontspec)             <->"[./STIX2fonts/STIX2Text-Italic.otf]:mode=node;script
=latn;language=dflt;+tlig;+smcp;"
(fontspec)             - 'bold italic' (b/it) with NFSS spec.:
(fontspec)             <->"[./STIX2fonts/STIX2Text-BoldItalic.otf]:mode=node;sc
ript=latn;language=dflt;+tlig;"
(fontspec)             - 'bold italic small caps'  (b/scit) with NFSS spec.:
(fontspec)             <->"[./STIX2fonts/STIX2Text-BoldItalic.otf]:mode=node;sc
ript=latn;language=dflt;+tlig;+smcp;"


Package fontspec Info: Font family 'STIX2Text(1)' created for font 'STIX2Text'
(fontspec)             with options
(fontspec)             [Renderer=Basic,Extension={.otf},Path=./STIX2fonts/,Upri
ghtFont={*-Regular},BoldFont={*-Bold},ItalicFont={*-Italic},BoldItalicFont={*-B
oldItalic}].
(fontspec)              
(fontspec)              This font family consists of the following NFSS
(fontspec)             series/shapes:
(fontspec)              
(fontspec)             - 'normal' (m/n) with NFSS spec.:
(fontspec)             <->"[./STIX2fonts/STIX2Text-Regular.otf]:mode=base;scrip
t=latn;language=dflt;"
(fontspec)             - 'small caps'  (m/sc) with NFSS spec.:
(fontspec)             <->"[./STIX2fonts/STIX2Text-Regular.otf]:mode=base;scrip
t=latn;language=dflt;+smcp;"
(fontspec)             - 'bold' (b/n) with NFSS spec.:
(fontspec)             <->"[./STIX2fonts/STIX2Text-Bold.otf]:mode=base;script=l
atn;language=dflt;"
(fontspec)             - 'bold small caps'  (b/sc) with NFSS spec.:
(fontspec)             <->"[./STIX2fonts/STIX2Text-Bold.otf]:mode=base;script=l
atn;language=dflt;+smcp;"
(fontspec)             - 'italic' (m/it) with NFSS spec.:
(fontspec)             <->"[./STIX2fonts/STIX2Text-Italic.otf]:mode=base;script
=latn;language=dflt;"
(fontspec)             - 'italic small caps'  (m/scit) with NFSS spec.:
(fontspec)             <->"[./STIX2fonts/STIX2Text-Italic.otf]:mode=base;script
=latn;language=dflt;+smcp;"
(fontspec)             - 'bold italic' (b/it) with NFSS spec.:
(fontspec)             <->"[./STIX2fonts/STIX2Text-BoldItalic.otf]:mode=base;sc
ript=latn;language=dflt;"
(fontspec)             - 'bold italic small caps'  (b/scit) with NFSS spec.:
(fontspec)             <->"[./STIX2fonts/STIX2Text-BoldItalic.otf]:mode=base;sc
ript=latn;language=dflt;+smcp;"

LaTeX Font Info:    Overwriting math alphabet `\mathrm' in version `normal'
(Font)                  TU/STIX2Math(1)/m/n --> TU/STIX2Text(1)/m/n on input li
ne 73.
LaTeX Font Info:    Overwriting math alphabet `\mathit' in version `normal'
(Font)                  OT1/ptm/m/it --> TU/STIX2Text(1)/m/it on input line 73.

LaTeX Font Info:    Overwriting math alphabet `\mathbf' in version `normal'
(Font)                  OT1/ptm/bx/n --> TU/STIX2Text(1)/b/n on input line 73.

(/usr/local/texlive/2022/texmf-dist/tex/latex/citation-style-language/citation-
style-language.sty
Package: citation-style-language 2022-12-25 vv0.3.0 Citation Style Language for
 LaTeX

(/usr/local/texlive/2022/texmf-dist/tex/latex/filehook/filehook.sty
Package: filehook 2022/10/25 v0.8b Hooks for input files

(/usr/local/texlive/2022/texmf-dist/tex/latex/filehook/filehook-2020.sty
Package: filehook-2020 2022/10/25 v0.8b Hooks for input files
))
\l__csl_citation_count_int=\count332
\g__csl_pseudo_note_index_int=\count333
\l__csl_bib_hang_dim=\dimen262
\l__csl_bib_item_sep_skip=\skip83
\l__csl_url_big_break_penalty_int=\count334
\l__csl_url_break_penalty_int=\count335
\l__csl_url_num_penalty_int=\count336
\l__csl_url_uc_penalty_int=\count337
\l__csl_url_lc_penalty_int=\count338
\l__csl_url_big_muskip=\muskip19
\l__csl_url_num_muskip=\muskip20
\l__csl_url_uc_muskip=\muskip21
\l__csl_url_lc_muskip=\muskip22
)
(/usr/local/texlive/2022/texmf-dist/tex/latex/pdflscape/pdflscape.sty
Package: pdflscape 2022-10-27 v0.13 Display of landscape pages in PDF

(/usr/local/texlive/2022/texmf-dist/tex/latex/pdflscape/pdflscape-nometadata.st
y
Package: pdflscape-nometadata 2022-10-28 v0.13 Display of landscape pages in PD
F (HO)
 (/usr/local/texlive/2022/texmf-dist/tex/latex/graphics/lscape.sty
Package: lscape 2020/05/28 v3.02 Landscape Pages (DPC)
)
Package pdflscape Info: Auto-detected driver: pdftex on input line 81.
))
(./build/main.aux (./build/table1.aux) (./build/table2.aux) (./build/table3.aux
) (./build/table4.aux) (./build/table5.aux) (./build/table6.aux))
\openout1 = main.aux

LaTeX Font Info:    Checking defaults for OML/cmm/m/it on input line 102.
LaTeX Font Info:    ... okay on input line 102.
LaTeX Font Info:    Checking defaults for OMS/cmsy/m/n on input line 102.
LaTeX Font Info:    ... okay on input line 102.
LaTeX Font Info:    Checking defaults for OT1/cmr/m/n on input line 102.
LaTeX Font Info:    ... okay on input line 102.
LaTeX Font Info:    Checking defaults for T1/cmr/m/n on input line 102.
LaTeX Font Info:    ... okay on input line 102.
LaTeX Font Info:    Checking defaults for TS1/cmr/m/n on input line 102.
LaTeX Font Info:    ... okay on input line 102.
LaTeX Font Info:    Checking defaults for TU/lmr/m/n on input line 102.
LaTeX Font Info:    ... okay on input line 102.
LaTeX Font Info:    Checking defaults for OMX/cmex/m/n on input line 102.
LaTeX Font Info:    ... okay on input line 102.
LaTeX Font Info:    Checking defaults for U/cmr/m/n on input line 102.
LaTeX Font Info:    ... okay on input line 102.
LaTeX Font Info:    Checking defaults for PD1/pdf/m/n on input line 102.
LaTeX Font Info:    ... okay on input line 102.
LaTeX Font Info:    Checking defaults for PU/pdf/m/n on input line 102.
LaTeX Font Info:    ... okay on input line 102.

(/usr/local/texlive/2022/texmf-dist/tex/context/base/mkii/supp-pdf.mkii
[Loading MPS to PDF converter (version 2006.09.02).]
\scratchcounter=\count339
\scratchdimen=\dimen263
\scratchbox=\box65
\nofMPsegments=\count340
\nofMParguments=\count341
\everyMPshowfont=\toks32
\MPscratchCnt=\count342
\MPscratchDim=\dimen264
\MPnumerator=\count343
\makeMPintoPDFobject=\count344
\everyMPtoPDFconversion=\toks33
) (/usr/local/texlive/2022/texmf-dist/tex/latex/epstopdf-pkg/epstopdf-base.sty
Package: epstopdf-base 2020-01-24 v2.11 Base part for package epstopdf
Package epstopdf-base Info: Redefining graphics rule for `.eps' on input line 4
85.

(/usr/local/texlive/2022/texmf-dist/tex/latex/latexconfig/epstopdf-sys.cfg
File: epstopdf-sys.cfg 2010/07/13 v1.3 Configuration of (r)epstopdf for TeX Liv
e
))
*geometry* driver: auto-detecting
*geometry* detected driver: luatex
*geometry* verbose mode - [ preamble ] result:
* driver: luatex
* paper: letterpaper
* layout: <same size as paper>
* layoutoffset:(h,v)=(0.0pt,0.0pt)
* modes: 
* h-part:(L,W,R)=(142.26378pt, 415.12572pt, 56.9055pt)
* v-part:(T,H,B)=(64.01869pt, 666.9326pt, 64.01869pt)
* \paperwidth=614.295pt
* \paperheight=794.96999pt
* \textwidth=415.12572pt
* \textheight=666.9326pt
* \oddsidemargin=69.99379pt
* \evensidemargin=69.99379pt
* \topmargin=-45.2513pt
* \headheight=12.0pt
* \headsep=25.0pt
* \topskip=10.0pt
* \footskip=30.0pt
* \marginparwidth=65.0pt
* \marginparsep=11.0pt
* \columnsep=15.6491pt
* \skip\footins=9.0pt plus 4.0pt minus 2.0pt
* \hoffset=0.0pt
* \voffset=0.0pt
* \mag=1000
* \@twocolumnfalse
* \@twosidefalse
* \@mparswitchfalse
* \@reversemarginfalse
* (1in=72.27pt=25.4mm, 1cm=28.453pt)

Package caption Info: Begin \AtBeginDocument code.
Package caption Info: hyperref package is loaded.
Package caption Info: longtable package is loaded.
(/usr/local/texlive/2022/texmf-dist/tex/latex/caption/ltcaption.sty
Package: ltcaption 2021/01/08 v1.4c longtable captions (AR)
)
Package caption Info: End \AtBeginDocument code.
Package lastpage Info: Please have a look at the pageslts package at
(lastpage)             https://www.ctan.org/pkg/pageslts
(lastpage)             ! on input line 102.
LaTeX Info: Redefining \microtypecontext on input line 102.
Package microtype Info: Applying patch `item' on input line 102.
Package microtype Info: Applying patch `toc' on input line 102.
Package microtype Info: Applying patch `eqnum' on input line 102.
Package microtype Info: Applying patch `footnote' on input line 102.
Package microtype Info: Generating PDF output.
Package microtype Info: Character protrusion enabled (level 2).
Package microtype Info: Using default protrusion set `alltext'.
Package microtype Info: Automatic font expansion enabled (level 2),
(microtype)             stretch: 20, shrink: 20, step: 1, non-selected.
Package microtype Info: Using default expansion set `alltext-nott'.
LaTeX Info: Redefining \showhyphens on input line 102.
Package microtype Info: No adjustment of tracking.
Package microtype Info: No adjustment of spacing.
Package microtype Info: No adjustment of kerning.
Package microtype Info: Loading generic protrusion settings for font family
(microtype)             `STIX2Text' (encoding: TU).
(microtype)             For optimal results, create family-specific settings.
(microtype)             See the microtype manual for details.
Package hyperref Info: Link coloring OFF on input line 102.

(./build/main.out) (./build/main.out)
\@outlinefile=\write3

\openout3 = main.out
LaTeX Font Info:    Overwriting math alphabet `\mathsf' in version `normal'
(Font)                  OT1/cmss/m/n --> TU/lmss/m/n on input line 102.
LaTeX Font Info:    Overwriting math alphabet `\mathsf' in version `bold'
(Font)                  OT1/cmss/bx/n --> TU/lmss/b/n on input line 102.
LaTeX Font Info:    Overwriting math alphabet `\mathtt' in version `normal'
(Font)                  OT1/cmtt/m/n --> TU/lmtt/m/n on input line 102.
LaTeX Font Info:    Overwriting math alphabet `\mathtt' in version `bold'
(Font)                  OT1/cmtt/m/n --> TU/lmtt/b/n on input line 102.
Module citeproc Warning: Database entry "PR-RequirementSpec-2.0" not found on in
put line 102
Package microtype Info: Loading generic protrusion settings for font family
(microtype)             `lmss' (encoding: TU).
(microtype)             For optimal results, create family-specific settings.
(microtype)             See the microtype manual for details.
LaTeX Font Info:    Trying to load font information for OT1+phv on input line 1
06.
(/usr/local/texlive/2022/texmf-dist/tex/latex/psnfss/ot1phv.fd
File: ot1phv.fd 2020/03/25 scalable font definitions for OT1/phv.
)
Package microtype Info: Loading generic protrusion settings for font family
(microtype)             `phv' (encoding: OT1).
(microtype)             For optimal results, create family-specific settings.
(microtype)             See the microtype manual for details.
LaTeX Font Info:    Font shape `TU/STIX2Math(1)/m/n' will be
(Font)              scaled to size 12.0pt on input line 106.
Package microtype Info: Loading generic protrusion settings for font family
(microtype)             `STIX2Math' (encoding: TU).
(microtype)             For optimal results, create family-specific settings.
(microtype)             See the microtype manual for details.
LaTeX Font Info:    Font shape `TU/STIX2Math(1)/m/n' will be
(Font)              scaled to size 9.0pt on input line 106.
LaTeX Font Info:    Font shape `TU/STIX2Math(2)/m/n' will be
(Font)              scaled to size 12.00128pt on input line 106.
LaTeX Font Info:    Font shape `TU/STIX2Math(2)/m/n' will be
(Font)              scaled to size 9.00096pt on input line 106.
LaTeX Font Info:    Font shape `TU/STIX2Math(3)/m/n' will be
(Font)              scaled to size 11.99872pt on input line 106.
LaTeX Font Info:    Font shape `TU/STIX2Math(3)/m/n' will be
(Font)              scaled to size 8.99904pt on input line 106.
LaTeX Font Info:    Font shape `OT1/ptm/bx/n' in size <12> not available
(Font)              Font shape `OT1/ptm/b/n' tried instead on input line 106.

(/usr/local/texlive/2022/texmf-dist/tex/latex/microtype/mt-ptm.cfg
File: mt-ptm.cfg 2006/04/20 v1.7 microtype config. file: Times (RS)
)
LaTeX Font Info:    Font shape `OT1/ptm/bx/n' in size <9> not available
(Font)              Font shape `OT1/ptm/b/n' tried instead on input line 106.

(/usr/local/texlive/2022/texmf-dist/tex/latex/microtype/mt-msa.cfg
File: mt-msa.cfg 2006/02/04 v1.1 microtype config. file: AMS symbols (a) (RS)
)
(/usr/local/texlive/2022/texmf-dist/tex/latex/microtype/mt-msb.cfg
File: mt-msb.cfg 2005/06/01 v1.0 microtype config. file: AMS symbols (b) (RS)
) [1

{/usr/local/texlive/2022/texmf-var/fonts/map/pdftex/updmap/pdftex.map}]
LaTeX Font Info:    Font shape `TU/lmss/bx/it' in size <9> not available
(Font)              Font shape `TU/lmss/bx/sl' tried instead on input line 142.

Package microtype Info: Loading generic protrusion settings for font family
(microtype)             `lmtt' (encoding: TU).
(microtype)             For optimal results, create family-specific settings.
(microtype)             See the microtype manual for details.

Overfull \hbox (5.35872pt too wide) in paragraph at lines 158--159
\TU/STIX2Text(0)/m/n/10 like \TU/lmtt/m/n/10 dateCreated\TU/STIX2Text(0)/m/n/10
 , \TU/lmtt/m/n/10 ScientificDomain\TU/STIX2Text(0)/m/n/10 , \TU/lmtt/m/n/10 Per
sistencePolicy\TU/STIX2Text(0)/m/n/10 , \TU/lmtt/m/n/10 digitalObjectMutability\TU/STIX2Text(0)/m/n/10 , etc. This
 []

[2]

Package hyperref Warning: Suppressing empty link on input line 176.

LaTeX Font Info:    Font shape `TU/STIX2Math(1)/m/n' will be
(Font)              scaled to size 8.0pt on input line 186.
LaTeX Font Info:    Font shape `TU/STIX2Math(1)/m/n' will be
(Font)              scaled to size 6.0pt on input line 186.
LaTeX Font Info:    Font shape `TU/STIX2Math(1)/m/n' will be
(Font)              scaled to size 5.0pt on input line 186.
LaTeX Font Info:    Font shape `TU/STIX2Math(2)/m/n' will be
(Font)              scaled to size 8.00085pt on input line 186.
LaTeX Font Info:    Font shape `TU/STIX2Math(2)/m/n' will be
(Font)              scaled to size 6.00064pt on input line 186.
LaTeX Font Info:    Font shape `TU/STIX2Math(2)/m/n' will be
(Font)              scaled to size 5.00053pt on input line 186.
LaTeX Font Info:    Font shape `TU/STIX2Math(3)/m/n' will be
(Font)              scaled to size 7.99915pt on input line 186.
LaTeX Font Info:    Font shape `TU/STIX2Math(3)/m/n' will be
(Font)              scaled to size 5.99936pt on input line 186.
LaTeX Font Info:    Font shape `TU/STIX2Math(3)/m/n' will be
(Font)              scaled to size 4.99947pt on input line 186.
LaTeX Font Info:    Font shape `OT1/ptm/bx/n' in size <8> not available
(Font)              Font shape `OT1/ptm/b/n' tried instead on input line 186.
LaTeX Font Info:    Font shape `OT1/ptm/bx/n' in size <6> not available
(Font)              Font shape `OT1/ptm/b/n' tried instead on input line 186.
LaTeX Font Info:    Font shape `OT1/ptm/bx/n' in size <5> not available
(Font)              Font shape `OT1/ptm/b/n' tried instead on input line 186.
[3]

Package hyperref Warning: Suppressing empty link on input line 193.

[4] [5]

Package hyperref Warning: Suppressing empty link on input line 255.

[6] [7]
\openout2 = table1.aux
 (./table1.tex
Underfull \hbox (badness 10000) in paragraph at lines 29--29
[]|\TU/STIX2Text(0)/m/n/10 FDO types and op-er-a-tions en-
 []


Underfull \hbox (badness 10000) in paragraph at lines 29--29
\TU/STIX2Text(0)/m/n/10 able de-tailed chore-og-ra-phy (see
 []


Underfull \hbox (badness 10000) in paragraph at lines 29--29
\TU/STIX2Text(0)/m/n/10 CWFP). \TU/lmtt/m/n/10 0.TYPE/DOIPOperation
 []


Underfull \hbox (badness 10000) in paragraph at lines 29--29
\TU/STIX2Text(0)/m/n/10 has lightweight def-i-ni-tion of
 []


Underfull \hbox (badness 10000) in paragraph at lines 29--29
\TU/STIX2Text(0)/m/n/10 op-er-a-tion, \TU/lmtt/m/n/10 0.DOIP/Request \TU/STIX2T
ext(0)/m/n/10 or
 []


Underfull \hbox (badness 7851) in paragraph at lines 29--29
\TU/STIX2Text(0)/m/n/10 pose of op-er-a-tions not for-malised
 []


Underfull \hbox (badness 2680) in paragraph at lines 29--30
[]|\TU/STIX2Text(0)/m/n/10 ``Fol-low your nose'' crawler nav-i-ga-
 []


Underfull \hbox (badness 1735) in paragraph at lines 29--30
\TU/STIX2Text(0)/m/n/10 0: Primer), but fre-quently just as
 []


Underfull \hbox (badness 2521) in paragraph at lines 30--30
\TU/STIX2Text(0)/m/n/10 main-tained in FDO Type reg-istries,
 []


Underfull \hbox (badness 10000) in paragraph at lines 30--31
[]|\TU/STIX2Text(0)/m/n/10 Lightweight HTTP se-man-tics for
 []


Underfull \hbox (badness 10000) in paragraph at lines 30--31
\TU/STIX2Text(0)/m/n/10 au-then-tic-ity/nav-i-ga-tion. Se-man-tic
 []


Underfull \hbox (badness 7963) in paragraph at lines 30--31
\TU/STIX2Text(0)/m/n/10 Type not com-monly ex-pressed on
 []


Underfull \hbox (badness 3281) in paragraph at lines 30--31
\TU/STIX2Text(0)/m/n/10 PID/header level, may be de-clared
 []


Underfull \hbox (badness 10000) in paragraph at lines 32--32
[]|\TU/STIX2Text(0)/m/n/10 DOIP (Foun-da-tion) is transport-
 []


Underfull \hbox (badness 10000) in paragraph at lines 32--33
[]|\TU/STIX2Text(0)/m/n/10 HTTP/1.1 (TCP/IP port 80),
 []


Underfull \hbox (badness 1303) in paragraph at lines 33--34
\TU/STIX2Text(0)/m/n/10 ti-cally scaled ap-pli-ca-tion servers, to
 []

[8

]) [9] [10


]
\openout2 = table2.aux
 (./table2.tex) [11

]

Package hyperref Warning: Suppressing empty link on input line 285.

[12


]
\openout2 = table3.aux
 (./table3.tex
Overfull \hbox (78.10803pt too wide) in paragraph at lines 43--43
 \TU/STIX2Text(0)/m/n/10 (\TU/lmtt/m/n/10 0.DOIP/Op.ListOperations\TU/STIX2Text
(0)/m/n/10 ).| 
 []


Overfull \hbox (39.02423pt too wide) in paragraph at lines 47--47
 \TU/lmtt/m/n/10 0.TYPE/DOIPService\TU/STIX2Text(0)/m/n/10 , 
 []


Overfull \hbox (1.06444pt too wide) in paragraph at lines 47--47
 \TU/lmtt/m/n/10 URL_REPLICA| 
 []


Overfull \hbox (29.65701pt too wide) in paragraph at lines 48--48
 \TU/STIX2Text(0)/m/n/10 (\TU/lmtt/m/n/10 0.DOIP/Retrieve\TU/STIX2Text(0)/m/n/1
0 ), 
 []


Overfull \hbox (37.81444pt too wide) in paragraph at lines 48--48
 \TU/lmtt/m/n/10 includeElementData 
 []


Overfull \hbox (28.52423pt too wide) in paragraph at lines 51--51
 []|\TU/lmtt/m/n/10 0.DOIP/Op.Create\TU/STIX2Text(0)/m/n/10 , 
 []


Overfull \hbox (2.27423pt too wide) in paragraph at lines 51--51
 \TU/lmtt/m/n/10 Op.Retrieve\TU/STIX2Text(0)/m/n/10 , 
 []


Overfull \hbox (29.72525pt too wide) in paragraph at lines 51--51
 \TU/lmtt/m/n/10 0.DOIP/Op.Search\TU/STIX2Text(0)/m/n/10 .| 
 []


Overfull \hbox (7.8287pt too wide) in paragraph at lines 52--52
 \TU/STIX2Text(0)/m/n/10 (\TU/lmtt/m/n/10 ldp:Resource\TU/STIX2Text(0)/m/n/10 , 
 []


Overfull \hbox (11.5189pt too wide) in paragraph at lines 52--52
 \TU/lmtt/m/n/10 ldp:Container\TU/STIX2Text(0)/m/n/10 ) 
 []


Overfull \hbox (16.81444pt too wide) in paragraph at lines 53--53
 \TU/lmtt/m/n/10 0.FDO/metadata 
 []


Overfull \hbox (3.59752pt too wide) in paragraph at lines 53--53
 \TU/lmtt/m/n/10 rdfs:seeAlso 
 []


Overfull \hbox (8.6742pt too wide) in paragraph at lines 54--55
 \TU/STIX2Text(0)/m/n/10 e.g. \TU/lmtt/m/n/10 owl:sameAs| 
 []


Overfull \hbox (19.86972pt too wide) in paragraph at lines 56--56
 \TU/lmtt/m/n/10 BasicContainer\TU/STIX2Text(0)/m/n/10 ).| 
 []


Overfull \hbox (32.30444pt too wide) in paragraph at lines 57--57
 \TU/lmtt/m/n/10 0.DOIP/Status.104 
 []

[13

] [14] [15] [16] [17] [18]) [19]

Package hyperref Warning: Suppressing empty link on input line 294.


Package hyperref Warning: Suppressing empty link on input line 296.


Package hyperref Warning: Suppressing empty link on input line 317.

[20



Missing character: There is no  (U+2605) in font [./STIX2fonts/STIX2Text-Ital
ic.otf]:mode=node;script=latn;language=dflt;+tlig;!
Missing character: There is no  (U+2605) in font [./STIX2fonts/STIX2Text-Ital
ic.otf]:mode=node;script=latn;language=dflt;+tlig;!
Missing character: There is no  (U+2605) in font [./STIX2fonts/STIX2Text-Ital
ic.otf]:mode=node;script=latn;language=dflt;+tlig;!
] [21]
\openout2 = table4.aux
 (./table4.tex [22

] [23] [24]) [25]
Overfull \hbox (19.77956pt too wide) in paragraph at lines 349--350
[]\TU/STIX2Text(0)/m/n/10 Many providers of FAIR Linked Data also pro-vide pro-g
ram-matic REST API end-points, e.g. []UNIPROT[],
 []

Module citeproc Warning: Database entry "PR-RequirementSpec-2.0" not found on in
put line 355
[26


]
\openout2 = table5.aux
 (./table5.tex
Overfull \hbox (1.17125pt too wide) in paragraph at lines 42--42
 []|\TU/STIX2Text(0)/m/n/10 FDOF4| 
 []


Overfull \hbox (1.17125pt too wide) in paragraph at lines 43--43
 []|\TU/STIX2Text(0)/m/n/10 FDOF1| 
 []


Overfull \hbox (105.41527pt too wide) in paragraph at lines 43--44
 \TU/STIX2Text(0)/m/n/10 change.;{https://www.w3.org/TR/cooluris/}], 
 []


Overfull \hbox (1.61703pt too wide) in paragraph at lines 44--44
 []|\TU/STIX2Text(0)/m/n/10 FDOR4 
 []


Overfull \hbox (1.17125pt too wide) in paragraph at lines 44--44
 \TU/STIX2Text(0)/m/n/10 FDOF8| 
 []


Overfull \hbox (1.17125pt too wide) in paragraph at lines 45--45
 []|\TU/STIX2Text(0)/m/n/10 FDOF1| 
 []


Overfull \hbox (1.17125pt too wide) in paragraph at lines 46--46
 []|\TU/STIX2Text(0)/m/n/10 FDOF2 
 []


Overfull \hbox (0.92125pt too wide) in paragraph at lines 46--46
 \TU/STIX2Text(0)/m/n/10 FDOF4 
 []


Overfull \hbox (1.17125pt too wide) in paragraph at lines 46--46
 \TU/STIX2Text(0)/m/n/10 FDOF8 
 []


Overfull \hbox (1.17125pt too wide) in paragraph at lines 46--46
 \TU/STIX2Text(0)/m/n/10 FDOF9| 
 []


Overfull \hbox (15.95245pt too wide) in paragraph at lines 47--48
 \TU/STIX2Text(0)/m/n/10 (e.g. \TU/lmtt/m/n/10 www.example.com 
 []


Overfull \hbox (6.02225pt too wide) in paragraph at lines 48--48
 []|\TU/STIX2Text(0)/m/n/10 FDOF10| 
 []


Overfull \hbox (1.17125pt too wide) in paragraph at lines 49--49
 []|\TU/STIX2Text(0)/m/n/10 FDOF3 
 []


Overfull \hbox (1.17125pt too wide) in paragraph at lines 49--49
 \TU/STIX2Text(0)/m/n/10 FDOF6| 
 []


Overfull \hbox (38.97966pt too wide) in paragraph at lines 52--52
 []|\TU/STIX2Text(0)/m/n/10 FDOF8+FDOF2| 
 []


Overfull \hbox (1.17125pt too wide) in paragraph at lines 53--53
 []|\TU/STIX2Text(0)/m/n/10 FDOF2| 
 []


Overfull \hbox (1.17125pt too wide) in paragraph at lines 54--54
 \TU/STIX2Text(0)/m/n/10 FDOF3| 
 []


Overfull \hbox (1.17125pt too wide) in paragraph at lines 56--56
 \TU/STIX2Text(0)/m/n/10 FDOF3 
 []


Overfull \hbox (1.17125pt too wide) in paragraph at lines 56--56
 \TU/STIX2Text(0)/m/n/10 FDOF6| 
 []


Overfull \hbox (8.58981pt too wide) in paragraph at lines 59--59
 []|\TU/STIX2Text(0)/m/n/10 (FDOR9)| 
 []


Overfull \hbox (6.02225pt too wide) in paragraph at lines 60--60
 []|\TU/STIX2Text(0)/m/n/10 FDOF12| 
 []


Overfull \hbox (1.17125pt too wide) in paragraph at lines 61--61
 []|\TU/STIX2Text(0)/m/n/10 FDOF8| 
 []


Overfull \hbox (5.31313pt too wide) in paragraph at lines 63--63
\TU/STIX2Text(0)/m/n/10 understandable 
 []


Overfull \hbox (1.17125pt too wide) in paragraph at lines 63--63
 []|\TU/STIX2Text(0)/m/n/10 FDOF8| 
 []


Overfull \hbox (5.31313pt too wide) in paragraph at lines 64--64
\TU/STIX2Text(0)/m/n/10 understandable 
 []


Overfull \hbox (1.86703pt too wide) in paragraph at lines 64--64
 \TU/STIX2Text(0)/m/n/10 FDOR2| 
 []


Overfull \hbox (6.02225pt too wide) in paragraph at lines 65--65
 \TU/STIX2Text(0)/m/n/10 FDOF10| 
 []


Overfull \hbox (1.86703pt too wide) in paragraph at lines 67--67
 []|\TU/STIX2Text(0)/m/n/10 FDOR8| 
 []


Overfull \hbox (1.86703pt too wide) in paragraph at lines 68--68
 \TU/STIX2Text(0)/m/n/10 FDOR3 
 []


Overfull \hbox (6.71803pt too wide) in paragraph at lines 68--68
 \TU/STIX2Text(0)/m/n/10 FDOR11| 
 []


Overfull \hbox (1.86703pt too wide) in paragraph at lines 69--69
 \TU/STIX2Text(0)/m/n/10 FDOR3 
 []


Overfull \hbox (1.86703pt too wide) in paragraph at lines 69--69
 \TU/STIX2Text(0)/m/n/10 FDOR8| 
 []


Overfull \hbox (1.86703pt too wide) in paragraph at lines 70--70
 []|\TU/STIX2Text(0)/m/n/10 FDOR3 
 []


Overfull \hbox (6.71803pt too wide) in paragraph at lines 70--70
 \TU/STIX2Text(0)/m/n/10 FDOR11| 
 []


Overfull \hbox (8.58981pt too wide) in paragraph at lines 71--71
 []|\TU/STIX2Text(0)/m/n/10 (FDOR3)| 
 []


Overfull \hbox (8.58981pt too wide) in paragraph at lines 72--72
 []|\TU/STIX2Text(0)/m/n/10 (FDOR3)| 
 []


Overfull \hbox (28.85439pt too wide) in paragraph at lines 72--73
 \TU/lmtt/m/n/10 prov:specializationOf 
 []


Overfull \hbox (1.17125pt too wide) in paragraph at lines 73--73
 []|\TU/STIX2Text(0)/m/n/10 FDOF4| 
 []


Overfull \hbox (7.85439pt too wide) in paragraph at lines 74--74
 []|\TU/lmtt/m/n/10 licenseConditions 
 []


Overfull \hbox (5.31313pt too wide) in paragraph at lines 76--76
\TU/STIX2Text(0)/m/n/10 understandable 
 []


Overfull \hbox (1.86703pt too wide) in paragraph at lines 77--77
 []|\TU/STIX2Text(0)/m/n/10 FDOR9 
 []


Overfull \hbox (6.71803pt too wide) in paragraph at lines 77--77
 \TU/STIX2Text(0)/m/n/10 FDOR10| 
 []


Overfull \hbox (1.86703pt too wide) in paragraph at lines 78--78
 []|\TU/STIX2Text(0)/m/n/10 FDOR9 
 []


Overfull \hbox (1.86703pt too wide) in paragraph at lines 78--78
 \TU/STIX2Text(0)/m/n/10 FDOR8| 
 []


Overfull \hbox (6.71803pt too wide) in paragraph at lines 79--79
 []|\TU/STIX2Text(0)/m/n/10 FDOR10 
 []


Overfull \hbox (0.96722pt too wide) in paragraph at lines 79--79
 \TU/STIX2Text(0)/m/n/10 FROR8| 
 []


Overfull \hbox (8.58981pt too wide) in paragraph at lines 80--80
 []|\TU/STIX2Text(0)/m/n/10 (FDOR3)| 
 []


Overfull \hbox (5.31313pt too wide) in paragraph at lines 81--81
\TU/STIX2Text(0)/m/n/10 understandable 
 []


Overfull \hbox (0.92125pt too wide) in paragraph at lines 81--81
 []|\TU/STIX2Text(0)/m/n/10 FDOF4 
 []


Overfull \hbox (6.02225pt too wide) in paragraph at lines 81--81
 \TU/STIX2Text(0)/m/n/10 FDOF10| 
 []


Overfull \hbox (5.31313pt too wide) in paragraph at lines 82--82
\TU/STIX2Text(0)/m/n/10 understandable 
 []


Overfull \hbox (8.58981pt too wide) in paragraph at lines 82--82
 []|\TU/STIX2Text(0)/m/n/10 (FDOR2)| 
 []

[27

] [28] [29] [30] [31] [32] [33]) [34]
Overfull \hbox (6.9333pt too wide) in paragraph at lines 373--375
\TU/STIX2Text(0)/m/n/10 (e.g. []$\TU/lmtt/m/n/10 https://hdl.handle.net/21.14100
/90ec1c7b-[]6f5e-[]4e12-[]9137-[]0cedd16d1bce$[]\TU/STIX2Text(0)/m/n/10 ), yet
 []

[35


]
\openout2 = table6.aux
 (./table6.tex [36


] [37] [38]) [39



] [40] [41] [42]
Underfull \hbox (badness 1067) in paragraph at lines 458--458
[]\TU/STIX2Text(0)/m/n/10 Duerst M, Suig-nard M. 2005. \TU/STIX2Text(0)/m/it/10
 In-ter-na-tion-al-ized Re-source Iden-ti-fiers (IRIs)\TU/STIX2Text(0)/m/n/10 . RFC Ed-i-tor. DOI:
 []


Underfull \hbox (badness 4353) in paragraph at lines 458--458
[]\TU/STIX2Text(0)/m/n/10 Field-ing R, Not-ting-ham M, Reschke J (eds.). 2022. 
\TU/STIX2Text(0)/m/it/10 HTTP Se-man-tics\TU/STIX2Text(0)/m/n/10 . RFC Ed-i-tor.
 DOI:
 []

[43] [44] [45] [46] [47] [48] [49]
Underfull \hbox (badness 1005) in paragraph at lines 458--458
[]\TU/STIX2Text(0)/m/n/10 Tur-coane O. 2014. Linked data, JSON-LD and the se-man
-tics of cul-tural and sci-en-tific her-
 []

[50] [51]
Underfull \hbox (badness 10000) in paragraph at lines 458--458
[]\TU/STIX2Text(0)/m/n/10 Wit-ten-burg P, Strawn G, Mons B, Bonino L, Schultes 
E. 2019. Dig-i-tal ob-jects as
 []


Underfull \hbox (badness 10000) in paragraph at lines 458--458
\TU/STIX2Text(0)/m/n/10 drivers to-wards con-ver-gence in data in-fras-truc-ture
s. \TU/STIX2Text(0)/m/it/10 https://b2share.eu-dat.eu\TU/STIX2Text(0)/m/n/10 . 
DOI:
 []

[52] 
AED: lastpage setting LastPage
[53] (./build/main.aux (./build/table1.aux) (./build/table2.aux)
(./build/table3.aux) (./build/table4.aux) (./build/table5.aux)
(./build/table6.aux))
Package rerunfilecheck Info: File `main.out' has not changed.
(rerunfilecheck)             Checksum: D41D8CD98F00B204E9800998ECF8427E;0.
)

Here is how much of LuaTeX's memory you used:
 25478 strings out of 478382
 305811,1977958 words of node,token memory allocated
 1405 words of node memory still in use:
   7 hlist, 2 vlist, 2 rule, 1 local_par, 16 glue, 9 kern, 1 penalty, 3 glyph, 1
33 attribute, 75 glue_spec, 68 attribute_list, 2 write, 45 pdf_action nodes
   avail lists: 1:9,2:4900,3:1861,4:686,5:2433,6:511,7:29380,8:95,9:4663,10:18,1
1:1980
 44384 multiletter control sequences out of 65536+600000
 157 fonts using 38434031 bytes
 87i,11n,114p,1508b,860s stack positions out of 10000i,1000n,20000p,200000b,200000s

warning  (pdf backend): unreferenced destination with name 'Hfootnote.11'

warning  (pdf backend): unreferenced destination with name 'Hfootnote.10'

warning  (pdf backend): unreferenced destination with name 'Hfootnote.8'

warning  (pdf backend): unreferenced destination with name 'Hfootnote.7'
</usr/local/texlive/2022/texmf-dist/fonts/opentype/public/lm/lmmono8-regular.otf
></usr/local/texlive/2022/texmf-dist/fonts/opentype/public/lm/lmmono10-regular.o
tf><./STIX2fonts/STIX2Text-Bold.otf><./STIX2fonts/STIX2Text-Italic.otf></usr/loc
al/texlive/2022/texmf-dist/fonts/opentype/public/lm/lmsans10-boldoblique.otf></u
sr/local/texlive/2022/texmf-dist/fonts/opentype/public/lm/lmsans9-regular.otf><.
/STIX2fonts/STIX2Math.otf></usr/local/texlive/2022/texmf-dist/fonts/opentype/pub
lic/lm/lmsans10-regular.otf><./STIX2fonts/STIX2Text-Regular.otf>{/usr/local/texl
ive/2022/texmf-dist/fonts/enc/dvips/base/8r.enc}</usr/local/texlive/2022/texmf-d
ist/fonts/opentype/public/lm/lmsans8-regular.otf></usr/local/texlive/2022/texmf-
dist/fonts/opentype/public/lm/lmsans10-bold.otf></usr/local/texlive/2022/texmf-d
ist/fonts/type1/urw/helvetic/uhvb8a.pfb>
Output written on main.pdf (53 pages, 258983 bytes).

PDF statistics: 773 PDF objects out of 1000 (max. 8388607)
 677 compressed objects within 7 object streams
 94 named destinations out of 1000 (max. 131072)
 1 words of extra memory for PDF output out of 10000 (max. 100000000)

